\BOOKMARK [0][-]{chapter*.2}{\376\377\000I\000n\000t\000r\000o\000d\000u\000z\000i\000o\000n\000e}{}% 1
\BOOKMARK [0][-]{chapter.1}{\376\377\000S\000c\000o\000p\000o\000\040\000d\000e\000l\000\040\000p\000r\000o\000g\000e\000t\000t\000o}{}% 2
\BOOKMARK [0][-]{chapter.2}{\376\377\000T\000e\000o\000r\000i\000a\000\040\000d\000i\000\040\000K\000o\000b\000a\000y\000a\000s\000h\000i}{}% 3
\BOOKMARK [0][-]{chapter.3}{\376\377\000C\000o\000n\000c\000e\000t\000t\000o\000\040\000d\000i\000\040\000C\000r\000o\000s\000s\000\040\000P\000l\000a\000t\000f\000o\000r\000m}{}% 4
\BOOKMARK [0][-]{chapter.4}{\376\377\000F\000r\000o\000n\000t\000\040\000E\000n\000d}{}% 5
\BOOKMARK [1][-]{section.4.1}{\376\377\000I\000o\000n\000i\000c}{chapter.4}% 6
\BOOKMARK [1][-]{section.4.2}{\376\377\000C\000a\000p\000a\000c\000i\000t\000o\000r}{chapter.4}% 7
\BOOKMARK [1][-]{section.4.3}{\376\377\000A\000n\000g\000u\000l\000a\000r}{chapter.4}% 8
\BOOKMARK [2][-]{subsection.4.3.1}{\376\377\000C\000o\000m\000p\000o\000n\000e\000n\000t\000e}{section.4.3}% 9
\BOOKMARK [2][-]{subsection.4.3.2}{\376\377\000S\000e\000r\000v\000i\000z\000i}{section.4.3}% 10
\BOOKMARK [2][-]{subsection.4.3.3}{\376\377\000D\000i\000r\000e\000t\000t\000i\000v\000e}{section.4.3}% 11
\BOOKMARK [2][-]{subsection.4.3.4}{\376\377\000T\000y\000p\000e\000S\000c\000r\000i\000p\000t}{section.4.3}% 12
\BOOKMARK [0][-]{chapter.5}{\376\377\000B\000a\000c\000k\000e\000n\000d}{}% 13
\BOOKMARK [1][-]{section.5.1}{\376\377\000R\000e\000t\000i\000\040\000N\000e\000u\000r\000a\000l\000i\000\040\000e\000\040\000a\000p\000p\000l\000i\000c\000a\000z\000i\000o\000n\000i}{chapter.5}% 14
\BOOKMARK [2][-]{subsection.5.1.1}{\376\377\000R\000e\000t\000i\000\040\000N\000e\000u\000r\000a\000l\000i}{section.5.1}% 15
\BOOKMARK [2][-]{subsection.5.1.2}{\376\377\000R\000e\000t\000i\000\040\000N\000e\000u\000r\000a\000l\000i\000\040\000u\000t\000i\000l\000i\000z\000z\000a\000t\000e}{section.5.1}% 16
\BOOKMARK [2][-]{subsection.5.1.3}{\376\377\000S\000e\000g\000m\000e\000n\000t\000a\000t\000o\000r\000e}{section.5.1}% 17
\BOOKMARK [1][-]{section.5.2}{\376\377\000B\000a\000s\000e\0006\0004}{chapter.5}% 18
\BOOKMARK [1][-]{section.5.3}{\376\377\000H\000T\000T\000P}{chapter.5}% 19
\BOOKMARK [1][-]{section.5.4}{\376\377\000J\000S\000O\000N}{chapter.5}% 20
\BOOKMARK [1][-]{section.5.5}{\376\377\000F\000l\000a\000s\000k}{chapter.5}% 21
\BOOKMARK [0][-]{chapter.6}{\376\377\000C\000o\000n\000c\000l\000u\000s\000i\000o\000n\000i}{}% 22
\BOOKMARK [0][-]{chapter.6}{\376\377\000B\000i\000b\000l\000i\000o\000g\000r\000a\000f\000i\000a}{}% 23
